<?xml version="1.0" encoding="UTF-8" ?>
<testsuite tests="11" failures="0" name="org.se.lab.OrderTest" time="0.006" errors="0" skipped="0">
  <properties>
    <property name="idea.version" value="2018.2.5"/>
    <property name="java.runtime.name" value="OpenJDK Runtime Environment"/>
    <property name="java.vm.version" value="11+28"/>
    <property name="sun.boot.library.path" value="C:\Program Files\Java\jdk-11\bin"/>
    <property name="maven.multiModuleProjectDirectory" value="D:\FH Joanneum\SW_Qual\steineder-softwarequality\Testing\Q1\JUnit4-ResultVerification-CustomAssert-Exercise"/>
    <property name="java.vm.vendor" value="Oracle Corporation"/>
    <property name="java.vendor.url" value="http://java.oracle.com/"/>
    <property name="guice.disable.misplaced.annotation.check" value="true"/>
    <property name="path.separator" value=";"/>
    <property name="java.vm.name" value="OpenJDK 64-Bit Server VM"/>
    <property name="sun.os.patch.level" value=""/>
    <property name="user.script" value=""/>
    <property name="user.country" value="DE"/>
    <property name="sun.java.launcher" value="SUN_STANDARD"/>
    <property name="java.vm.specification.name" value="Java Virtual Machine Specification"/>
    <property name="user.dir" value="D:\FH Joanneum\SW_Qual\steineder-softwarequality\Testing\Q1\JUnit4-ResultVerification-CustomAssert-Exercise"/>
    <property name="java.vm.compressedOopsMode" value="Zero based"/>
    <property name="java.runtime.version" value="11+28"/>
    <property name="java.awt.graphicsenv" value="sun.awt.Win32GraphicsEnvironment"/>
    <property name="os.arch" value="amd64"/>
    <property name="java.io.tmpdir" value="C:\Users\radlingm\AppData\Local\Temp\"/>
    <property name="line.separator" value="
"/>
    <property name="java.vm.specification.vendor" value="Oracle Corporation"/>
    <property name="user.variant" value=""/>
    <property name="os.name" value="Windows 10"/>
    <property name="classworlds.conf" value="C:\Users\radlingm\AppData\Local\JetBrains\Toolbox\apps\IDEA-U\ch-0\182.4892.20\plugins\maven\lib\maven3\bin\m2.conf"/>
    <property name="sun.jnu.encoding" value="Cp1252"/>
    <property name="java.library.path" value="C:\Program Files\Java\jdk-11\bin;C:\WINDOWS\Sun\Java\bin;C:\WINDOWS\system32;C:\WINDOWS;C:\ProgramData\Oracle\Java\javapath;C:\oracle\product\11.2.0\client_1\bin;C:\Users\radlingm\Documents\oracle;F:\app\radlingm\product\12.1.0\client_1;C:\Program Files (x86)\Intel\Intel(R) Management Engine Components\iCLS\;C:\Program Files\Intel\Intel(R) Management Engine Components\iCLS\;C:\Program Files (x86)\Common Files\Intel\Shared Libraries\redist\intel64\compiler;C:\WINDOWS\system32;C:\WINDOWS;C:\WINDOWS\System32\Wbem;C:\WINDOWS\System32\WindowsPowerShell\v1.0\;C:\Program Files\PuTTY\;C:\Program Files\OpenVPN\bin;C:\Program Files (x86)\Riverbed\Steelhead Mobile\;C:\Program Files (x86)\Java\jre6\bin\;C:\Program Files (x86)\Intel\Intel(R) Management Engine Components\DAL;C:\Program Files\Intel\Intel(R) Management Engine Components\DAL;C:\Program Files (x86)\Intel\Intel(R) Management Engine Components\IPT;C:\Program Files\Intel\Intel(R) Management Engine Components\IPT;C:\PROGRA~2\COMMON~1\Odbc\FILEMA~1;C:\Program Files (x86)\WinSCP\;C:\Program Files\Git\cmd;C:\Program Files\Intel\WiFi\bin\;C:\Program Files\Common Files\Intel\WirelessCommon\;D:\KonfMana\maven\apache-maven-3.5.4\bin;D:\KonfMana\apache-ant-1.10.4\bin;;C:\Program Files (x86)\NVIDIA Corporation\PhysX\Common;C:\Users\radlingm\AppData\Roaming\Python\Python37\Scripts;."/>
    <property name="jdk.debug" value="release"/>
    <property name="java.class.version" value="55.0"/>
    <property name="java.specification.name" value="Java Platform API Specification"/>
    <property name="sun.management.compiler" value="HotSpot 64-Bit Tiered Compilers"/>
    <property name="os.version" value="10.0"/>
    <property name="user.home" value="C:\Users\radlingm"/>
    <property name="user.timezone" value="Europe/Berlin"/>
    <property name="java.awt.printerjob" value="sun.awt.windows.WPrinterJob"/>
    <property name="file.encoding" value="UTF-8"/>
    <property name="java.specification.version" value="11"/>
    <property name="user.name" value="radlingm"/>
    <property name="java.class.path" value="C:\Users\radlingm\AppData\Local\JetBrains\Toolbox\apps\IDEA-U\ch-0\182.4892.20\plugins\maven\lib\maven3\boot\plexus-classworlds-2.5.2.jar"/>
    <property name="java.vm.specification.version" value="11"/>
    <property name="sun.arch.data.model" value="64"/>
    <property name="sun.java.command" value="org.codehaus.classworlds.Launcher -Didea.version=2018.2.5 test"/>
    <property name="java.home" value="C:\Program Files\Java\jdk-11"/>
    <property name="user.language" value="de"/>
    <property name="java.specification.vendor" value="Oracle Corporation"/>
    <property name="awt.toolkit" value="sun.awt.windows.WToolkit"/>
    <property name="java.vm.info" value="mixed mode"/>
    <property name="java.version" value="11"/>
    <property name="java.vendor" value="Oracle Corporation"/>
    <property name="maven.home" value="C:\Users\radlingm\AppData\Local\JetBrains\Toolbox\apps\IDEA-U\ch-0\182.4892.20\plugins\maven\lib\maven3"/>
    <property name="file.separator" value="\"/>
    <property name="java.version.date" value="2018-09-25"/>
    <property name="java.vendor.url.bug" value="http://bugreport.java.com/bugreport/"/>
    <property name="sun.io.unicode.encoding" value="UnicodeLittle"/>
    <property name="sun.cpu.endian" value="little"/>
    <property name="java.vendor.version" value="18.9"/>
    <property name="sun.desktop" value="windows"/>
    <property name="sun.cpu.isalist" value="amd64"/>
  </properties>
  <testcase classname="org.se.lab.OrderTest" name="testOrderLine_IdIsNegative" time="0.004"/>
  <testcase classname="org.se.lab.OrderTest" name="testOrder" time="0"/>
  <testcase classname="org.se.lab.OrderTest" name="testOrder_NameIsNull" time="0"/>
  <testcase classname="org.se.lab.OrderTest" name="testProduct_IdIsNegative" time="0"/>
  <testcase classname="org.se.lab.OrderTest" name="testOrderLine_QuantityIsNegative" time="0"/>
  <testcase classname="org.se.lab.OrderTest" name="testOrderLine_ProductIsNull" time="0"/>
  <testcase classname="org.se.lab.OrderTest" name="testOrderLine1" time="0"/>
  <testcase classname="org.se.lab.OrderTest" name="testOrderLine2" time="0.001"/>
  <testcase classname="org.se.lab.OrderTest" name="testOrder_IdIsNegative" time="0"/>
  <testcase classname="org.se.lab.OrderTest" name="testProduct_PriceIsNegative" time="0"/>
  <testcase classname="org.se.lab.OrderTest" name="testProduct_DescriptionIsNull" time="0.001"/>
</testsuite>